[debug] [2022-07-18T20:05:03.447Z] ----------------------------------------------------------------------
[debug] [2022-07-18T20:05:03.449Z] Command:       /Users/megankarbowski/.nvm/versions/node/v10.23.2/bin/node /Users/megankarbowski/.nvm/versions/node/v10.23.2/bin/firebase deploy
[debug] [2022-07-18T20:05:03.449Z] CLI Version:   9.6.1
[debug] [2022-07-18T20:05:03.450Z] Platform:      darwin
[debug] [2022-07-18T20:05:03.450Z] Node Version:  v10.23.2
[debug] [2022-07-18T20:05:03.450Z] Time:          Mon Jul 18 2022 10:05:03 GMT-1000 (Hawaii-Aleutian Standard Time)
[debug] [2022-07-18T20:05:03.450Z] ----------------------------------------------------------------------
[debug] [2022-07-18T20:05:03.450Z] 
[debug] [2022-07-18T20:05:03.457Z] > command requires scopes: ["email","openid","https://www.googleapis.com/auth/cloudplatformprojects.readonly","https://www.googleapis.com/auth/firebase","https://www.googleapis.com/auth/cloud-platform"]
[debug] [2022-07-18T20:05:03.457Z] > authorizing via signed-in user
[debug] [2022-07-18T20:05:03.457Z] [iam] checking project megan-karbowski for permissions ["firebase.projects.get","firebasehosting.sites.update"]
[debug] [2022-07-18T20:05:03.458Z] > refreshing access token with scopes: ["email","https://www.googleapis.com/auth/cloud-platform","https://www.googleapis.com/auth/cloudplatformprojects.readonly","https://www.googleapis.com/auth/firebase","openid"]
[debug] [2022-07-18T20:05:03.459Z] >>> HTTP REQUEST POST https://www.googleapis.com/oauth2/v3/token  
 <request body omitted>
[debug] [2022-07-18T20:05:04.434Z] <<< HTTP RESPONSE 400 {"date":"Mon, 18 Jul 2022 20:05:04 GMT","pragma":"no-cache","expires":"Mon, 01 Jan 1990 00:00:00 GMT","cache-control":"no-cache, no-store, max-age=0, must-revalidate","content-type":"application/json; charset=utf-8","vary":"X-Origin, Referer, Origin,Accept-Encoding","server":"scaffolding on HTTPServer2","x-xss-protection":"0","x-frame-options":"SAMEORIGIN","x-content-type-options":"nosniff","alt-svc":"h3=\":443\"; ma=2592000,h3-29=\":443\"; ma=2592000,h3-Q050=\":443\"; ma=2592000,h3-Q046=\":443\"; ma=2592000,h3-Q043=\":443\"; ma=2592000,quic=\":443\"; ma=2592000; v=\"46,43\"","accept-ranges":"none","transfer-encoding":"chunked"}
[debug] [2022-07-18T20:05:04.435Z] >>> HTTP REQUEST POST https://cloudresourcemanager.googleapis.com/v1/projects/megan-karbowski:testIamPermissions  
 {"permissions":["firebase.projects.get","firebasehosting.sites.update"]}
[debug] [2022-07-18T20:05:05.143Z] <<< HTTP RESPONSE 401 {"www-authenticate":"Bearer realm=\"https://accounts.google.com/\", error=\"invalid_token\"","vary":"X-Origin, Referer, Origin,Accept-Encoding","content-type":"application/json; charset=UTF-8","date":"Mon, 18 Jul 2022 20:05:05 GMT","server":"ESF","cache-control":"private","x-xss-protection":"0","x-frame-options":"SAMEORIGIN","x-content-type-options":"nosniff","server-timing":"gfet4t7; dur=65","alt-svc":"h3=\":443\"; ma=2592000,h3-29=\":443\"; ma=2592000,h3-Q050=\":443\"; ma=2592000,h3-Q046=\":443\"; ma=2592000,h3-Q043=\":443\"; ma=2592000,quic=\":443\"; ma=2592000; v=\"46,43\"","accept-ranges":"none","transfer-encoding":"chunked"}
[debug] [2022-07-18T20:05:05.143Z] <<< HTTP RESPONSE BODY {"error":{"code":401,"message":"Request had invalid authentication credentials. Expected OAuth 2 access token, login cookie or other valid authentication credential. See https://developers.google.com/identity/sign-in/web/devconsole-project.","status":"UNAUTHENTICATED","details":[{"@type":"type.googleapis.com/google.rpc.ErrorInfo","reason":"ACCESS_TOKEN_TYPE_UNSUPPORTED","metadata":{"method":"google.cloudresourcemanager.v1.Projects.TestIamPermissions","service":"cloudresourcemanager.googleapis.com"}}]}}
[debug] [2022-07-18T20:05:05.145Z] [iam] error while checking permissions, command may fail: FirebaseError: HTTP Error: 401, Request had invalid authentication credentials. Expected OAuth 2 access token, login cookie or other valid authentication credential. See https://developers.google.com/identity/sign-in/web/devconsole-project.
[debug] [2022-07-18T20:05:05.147Z] > refreshing access token with scopes: []
[debug] [2022-07-18T20:05:05.147Z] >>> HTTP REQUEST POST https://www.googleapis.com/oauth2/v3/token  
 <request body omitted>
[debug] [2022-07-18T20:05:05.502Z] <<< HTTP RESPONSE 400 {"cache-control":"no-cache, no-store, max-age=0, must-revalidate","expires":"Mon, 01 Jan 1990 00:00:00 GMT","date":"Mon, 18 Jul 2022 20:05:05 GMT","pragma":"no-cache","content-type":"application/json; charset=utf-8","vary":"X-Origin, Referer, Origin,Accept-Encoding","server":"scaffolding on HTTPServer2","x-xss-protection":"0","x-frame-options":"SAMEORIGIN","x-content-type-options":"nosniff","alt-svc":"h3=\":443\"; ma=2592000,h3-29=\":443\"; ma=2592000,h3-Q050=\":443\"; ma=2592000,h3-Q046=\":443\"; ma=2592000,h3-Q043=\":443\"; ma=2592000,quic=\":443\"; ma=2592000; v=\"46,43\"","accept-ranges":"none","transfer-encoding":"chunked"}
[debug] [2022-07-18T20:05:05.504Z] >>> [apiv2][query] GET https://firebase.googleapis.com/v1beta1/projects/megan-karbowski [none]
[debug] [2022-07-18T20:05:06.235Z] <<< [apiv2][status] GET https://firebase.googleapis.com/v1beta1/projects/megan-karbowski 401
[debug] [2022-07-18T20:05:06.236Z] <<< [apiv2][body] GET https://firebase.googleapis.com/v1beta1/projects/megan-karbowski {"error":{"code":401,"message":"Request had invalid authentication credentials. Expected OAuth 2 access token, login cookie or other valid authentication credential. See https://developers.google.com/identity/sign-in/web/devconsole-project.","status":"UNAUTHENTICATED"}}
[debug] [2022-07-18T20:05:06.236Z] HTTP Error: 401, Request had invalid authentication credentials. Expected OAuth 2 access token, login cookie or other valid authentication credential. See https://developers.google.com/identity/sign-in/web/devconsole-project.
[debug] [2022-07-18T20:05:06.711Z] FirebaseError: HTTP Error: 401, Request had invalid authentication credentials. Expected OAuth 2 access token, login cookie or other valid authentication credential. See https://developers.google.com/identity/sign-in/web/devconsole-project.
    at module.exports (/Users/megankarbowski/.nvm/versions/node/v10.23.2/lib/node_modules/firebase-tools/lib/responseToError.js:38:12)
    at Client.doRequest (/Users/megankarbowski/.nvm/versions/node/v10.23.2/lib/node_modules/firebase-tools/lib/apiv2.js:238:23)
    at process._tickCallback (internal/process/next_tick.js:68:7)
[error] 
[error] Error: Failed to get Firebase project megan-karbowski. Please make sure the project exists and your account has permission to access it.
